<?xml version="1.0" encoding="UTF-8"?>
<testng-results total="1" passed="1" failed="0" skipped="0">
  <reporter-output>
  </reporter-output>
  <suite started-at="2020-09-26T06:03:06Z" name="Default suite" finished-at="2020-09-26T06:03:31Z" duration-ms="25219">
    <groups>
    </groups>
    <test started-at="2020-09-26T06:03:06Z" name="Default test" finished-at="2020-09-26T06:03:31Z" duration-ms="25219">
      <class name="com.test.FirstScript">
        <test-method signature="test1()[pri:0, instance:com.test.FirstScript@1b266842]" started-at="2020-09-26T02:03:06Z" name="test1" finished-at="2020-09-26T02:03:31Z" duration-ms="25210" status="PASS">
          <reporter-output>
          </reporter-output>
        </test-method> <!-- test1 -->
      </class> <!-- com.test.FirstScript -->
    </test> <!-- Default test -->
  </suite> <!-- Default suite -->
</testng-results>
